<?xml version="1.0" encoding="UTF-8"?>
<testsuites name="Mocha Tests" time="4.7920" tests="1" failures="0">
  <testsuite name="Root Suite" timestamp="2022-01-13T06:41:17" tests="0" file="cypress/integration/2-advanced-examples/viewport.spec.js" time="0.0000" failures="0">
  </testsuite>
  <testsuite name="Viewport" timestamp="2022-01-13T06:41:17" tests="1" time="4.7780" failures="0">
    <testcase name="Viewport cy.viewport() - set the viewport size and dimension" time="3.4770" classname="cy.viewport() - set the viewport size and dimension">
    </testcase>
  </testsuite>
</testsuites>