<?xml version="1.0" encoding="UTF-8"?>
<testsuites name="Mocha Tests" time="2.1080" tests="3" failures="0">
  <testsuite name="Root Suite" timestamp="2022-01-13T06:41:38" tests="0" file="cypress/integration/2-advanced-examples/window.spec.js" time="0.0000" failures="0">
  </testsuite>
  <testsuite name="Window" timestamp="2022-01-13T06:41:38" tests="3" time="2.0790" failures="0">
    <testcase name="Window cy.window() - get the global window object" time="0.5210" classname="cy.window() - get the global window object">
    </testcase>
    <testcase name="Window cy.document() - get the document object" time="0.1710" classname="cy.document() - get the document object">
    </testcase>
    <testcase name="Window cy.title() - get the title" time="0.1530" classname="cy.title() - get the title">
    </testcase>
  </testsuite>
</testsuites>