<?xml version="1.0" encoding="UTF-8"?>
<testsuites name="Mocha Tests" time="6.4650" tests="1" failures="1">
  <testsuite name="Root Suite" timestamp="2022-01-13T06:44:48" tests="0" file="cypress/integration/code/fileUpload1.js" time="0.0000" failures="0">
  </testsuite>
  <testsuite name="File upload Test" timestamp="2022-01-13T06:44:48" tests="1" time="6.4510" failures="1">
    <testcase name="File upload Test Upload file" time="0.0000" classname="Upload file">
      <failure message="cy.get(...).upload is not a function" type="TypeError"><![CDATA[TypeError: cy.get(...).upload is not a function
    at Context.eval (https://the-internet.herokuapp.com/__cypress/tests?p=cypress\integration\code\fileUpload1.js:107:30)]]></failure>
    </testcase>
  </testsuite>
</testsuites>