<?xml version="1.0" encoding="UTF-8"?>
<testsuites name="Mocha Tests" time="2.4330" tests="1" failures="0">
  <testsuite name="Root Suite" timestamp="2022-01-13T06:39:57" tests="0" file="cypress/integration/2-advanced-examples/local_storage.spec.js" time="0.0000" failures="0">
  </testsuite>
  <testsuite name="Local Storage" timestamp="2022-01-13T06:39:57" tests="1" time="2.4180" failures="0">
    <testcase name="Local Storage cy.clearLocalStorage() - clear all data in local storage" time="0.8390" classname="cy.clearLocalStorage() - clear all data in local storage">
    </testcase>
  </testsuite>
</testsuites>