<?xml version="1.0" encoding="UTF-8"?>
<testsuites name="Mocha Tests" time="73.0780" tests="4" failures="0">
  <testsuite name="Root Suite" timestamp="2022-01-13T06:49:23" tests="0" file="cypress/integration/fotor_test/Screenshots.js" time="0.0000" failures="0">
  </testsuite>
  <testsuite name="Window" timestamp="2022-01-13T06:49:24" tests="4" time="73.0580" failures="0">
    <testcase name="Window open in mac 15" time="17.6950" classname="open in mac 15">
    </testcase>
    <testcase name="Window open in mac 13" time="17.6880" classname="open in mac 13">
    </testcase>
    <testcase name="Window open in ipad-2" time="17.0270" classname="open in ipad-2">
    </testcase>
    <testcase name="Window open in iphone-6" time="18.4950" classname="open in iphone-6">
    </testcase>
  </testsuite>
</testsuites>