<?xml version="1.0" encoding="UTF-8"?>
<testsuites name="Mocha Tests" time="6.7580" tests="18" failures="0">
  <testsuite name="Root Suite" timestamp="2022-01-13T06:40:57" tests="0" file="cypress/integration/2-advanced-examples/traversal.spec.js" time="0.0000" failures="0">
  </testsuite>
  <testsuite name="Traversal" timestamp="2022-01-13T06:40:57" tests="18" time="6.7330" failures="0">
    <testcase name="Traversal .children() - get child DOM elements" time="0.6910" classname=".children() - get child DOM elements">
    </testcase>
    <testcase name="Traversal .closest() - get closest ancestor DOM element" time="0.2290" classname=".closest() - get closest ancestor DOM element">
    </testcase>
    <testcase name="Traversal .eq() - get a DOM element at a specific index" time="0.2500" classname=".eq() - get a DOM element at a specific index">
    </testcase>
    <testcase name="Traversal .filter() - get DOM elements that match the selector" time="0.2680" classname=".filter() - get DOM elements that match the selector">
    </testcase>
    <testcase name="Traversal .find() - get descendant DOM elements of the selector" time="0.2860" classname=".find() - get descendant DOM elements of the selector">
    </testcase>
    <testcase name="Traversal .first() - get first DOM element" time="0.3280" classname=".first() - get first DOM element">
    </testcase>
    <testcase name="Traversal .last() - get last DOM element" time="0.2630" classname=".last() - get last DOM element">
    </testcase>
    <testcase name="Traversal .next() - get next sibling DOM element" time="0.2750" classname=".next() - get next sibling DOM element">
    </testcase>
    <testcase name="Traversal .nextAll() - get all next sibling DOM elements" time="0.3510" classname=".nextAll() - get all next sibling DOM elements">
    </testcase>
    <testcase name="Traversal .nextUntil() - get next sibling DOM elements until next el" time="0.2390" classname=".nextUntil() - get next sibling DOM elements until next el">
    </testcase>
    <testcase name="Traversal .not() - remove DOM elements from set of DOM elements" time="0.2110" classname=".not() - remove DOM elements from set of DOM elements">
    </testcase>
    <testcase name="Traversal .parent() - get parent DOM element from DOM elements" time="0.2260" classname=".parent() - get parent DOM element from DOM elements">
    </testcase>
    <testcase name="Traversal .parents() - get parent DOM elements from DOM elements" time="0.2480" classname=".parents() - get parent DOM elements from DOM elements">
    </testcase>
    <testcase name="Traversal .parentsUntil() - get parent DOM elements from DOM elements until el" time="0.2700" classname=".parentsUntil() - get parent DOM elements from DOM elements until el">
    </testcase>
    <testcase name="Traversal .prev() - get previous sibling DOM element" time="0.2110" classname=".prev() - get previous sibling DOM element">
    </testcase>
    <testcase name="Traversal .prevAll() - get all previous sibling DOM elements" time="0.2080" classname=".prevAll() - get all previous sibling DOM elements">
    </testcase>
    <testcase name="Traversal .prevUntil() - get all previous sibling DOM elements until el" time="0.3220" classname=".prevUntil() - get all previous sibling DOM elements until el">
    </testcase>
    <testcase name="Traversal .siblings() - get all sibling DOM elements" time="0.2060" classname=".siblings() - get all sibling DOM elements">
    </testcase>
  </testsuite>
</testsuites>