<?xml version="1.0" encoding="UTF-8"?>
<testsuites name="Mocha Tests" time="3.5090" tests="2" failures="0">
  <testsuite name="Root Suite" timestamp="2022-01-13T06:39:16" tests="0" file="cypress/integration/2-advanced-examples/aliasing.spec.js" time="0.0000" failures="0">
  </testsuite>
  <testsuite name="Aliasing" timestamp="2022-01-13T06:39:16" tests="2" time="3.4890" failures="0">
    <testcase name="Aliasing .as() - alias a DOM element for later use" time="0.6960" classname=".as() - alias a DOM element for later use">
    </testcase>
    <testcase name="Aliasing .as() - alias a route for later use" time="1.4800" classname=".as() - alias a route for later use">
    </testcase>
  </testsuite>
</testsuites>