<?xml version="1.0" encoding="UTF-8"?>
<testsuites name="Mocha Tests" time="4.4830" tests="12" failures="0">
  <testsuite name="Root Suite" timestamp="2022-01-13T06:39:43" tests="0" file="cypress/integration/2-advanced-examples/cypress_api.spec.js" time="0.0000" failures="0">
  </testsuite>
  <testsuite name="Cypress.Commands" timestamp="2022-01-13T06:39:43" tests="1" time="2.0050" failures="0">
    <testcase name="Cypress.Commands .add() - create a custom command" time="0.4590" classname=".add() - create a custom command">
    </testcase>
  </testsuite>
  <testsuite name="Cypress.Cookies" timestamp="2022-01-13T06:39:45" tests="3" time="0.6660" failures="0">
    <testcase name="Cypress.Cookies .debug() - enable or disable debugging" time="0.2140" classname=".debug() - enable or disable debugging">
    </testcase>
    <testcase name="Cypress.Cookies .preserveOnce() - preserve cookies by key" time="0.1810" classname=".preserveOnce() - preserve cookies by key">
    </testcase>
    <testcase name="Cypress.Cookies .defaults() - set defaults for all cookies" time="0.2090" classname=".defaults() - set defaults for all cookies">
    </testcase>
  </testsuite>
  <testsuite name="Cypress.arch" timestamp="2022-01-13T06:39:45" tests="1" time="0.2630" failures="0">
    <testcase name="Cypress.arch Get CPU architecture name of underlying OS" time="0.2510" classname="Get CPU architecture name of underlying OS">
    </testcase>
  </testsuite>
  <testsuite name="Cypress.config()" timestamp="2022-01-13T06:39:46" tests="1" time="0.3090" failures="0">
    <testcase name="Cypress.config() Get and set configuration options" time="0.2870" classname="Get and set configuration options">
    </testcase>
  </testsuite>
  <testsuite name="Cypress.dom" timestamp="2022-01-13T06:39:46" tests="1" time="0.1950" failures="0">
    <testcase name="Cypress.dom .isHidden() - determine if a DOM element is hidden" time="0.2000" classname=".isHidden() - determine if a DOM element is hidden">
    </testcase>
  </testsuite>
  <testsuite name="Cypress.env()" timestamp="2022-01-13T06:39:46" tests="1" time="0.2020" failures="0">
    <testcase name="Cypress.env() Get environment variables" time="0.1830" classname="Get environment variables">
    </testcase>
  </testsuite>
  <testsuite name="Cypress.log" timestamp="2022-01-13T06:39:46" tests="1" time="0.1760" failures="0">
    <testcase name="Cypress.log Control what is printed to the Command Log" time="0.1680" classname="Control what is printed to the Command Log">
    </testcase>
  </testsuite>
  <testsuite name="Cypress.platform" timestamp="2022-01-13T06:39:47" tests="1" time="0.2030" failures="0">
    <testcase name="Cypress.platform Get underlying OS name" time="0.1920" classname="Get underlying OS name">
    </testcase>
  </testsuite>
  <testsuite name="Cypress.version" timestamp="2022-01-13T06:39:47" tests="1" time="0.2490" failures="0">
    <testcase name="Cypress.version Get current version of Cypress being run" time="0.2300" classname="Get current version of Cypress being run">
    </testcase>
  </testsuite>
  <testsuite name="Cypress.spec" timestamp="2022-01-13T06:39:47" tests="1" time="0.1940" failures="0">
    <testcase name="Cypress.spec Get current spec information" time="0.1890" classname="Get current spec information">
    </testcase>
  </testsuite>
</testsuites>