<?xml version="1.0" encoding="UTF-8"?>
<testsuites name="Mocha Tests" time="2.0410" tests="3" failures="0">
  <testsuite name="Root Suite" timestamp="2022-01-13T06:40:03" tests="0" file="cypress/integration/2-advanced-examples/location.spec.js" time="0.0000" failures="0">
  </testsuite>
  <testsuite name="Location" timestamp="2022-01-13T06:40:03" tests="3" time="2.0160" failures="0">
    <testcase name="Location cy.hash() - get the current URL hash" time="0.4810" classname="cy.hash() - get the current URL hash">
    </testcase>
    <testcase name="Location cy.location() - get window.location" time="0.1730" classname="cy.location() - get window.location">
    </testcase>
    <testcase name="Location cy.url() - get the current URL" time="0.1540" classname="cy.url() - get the current URL">
    </testcase>
  </testsuite>
</testsuites>