<?xml version="1.0" encoding="UTF-8"?>
<testsuites name="Mocha Tests" time="7.5550" tests="2" failures="0">
  <testsuite name="Root Suite" timestamp="2022-01-13T06:41:25" tests="0" file="cypress/integration/2-advanced-examples/waiting.spec.js" time="0.0000" failures="0">
  </testsuite>
  <testsuite name="Waiting" timestamp="2022-01-13T06:41:25" tests="2" time="7.5310" failures="0">
    <testcase name="Waiting cy.wait() - wait for a specific amount of time" time="4.9790" classname="cy.wait() - wait for a specific amount of time">
    </testcase>
    <testcase name="Waiting cy.wait() - wait for a specific route" time="1.0030" classname="cy.wait() - wait for a specific route">
    </testcase>
  </testsuite>
</testsuites>