<?xml version="1.0" encoding="UTF-8"?>
<testsuites name="Mocha Tests" time="2.6620" tests="5" failures="0">
  <testsuite name="Root Suite" timestamp="2022-01-13T06:39:37" tests="0" file="cypress/integration/2-advanced-examples/cookies.spec.js" time="0.0000" failures="0">
  </testsuite>
  <testsuite name="Cookies" timestamp="2022-01-13T06:39:37" tests="5" time="2.6420" failures="0">
    <testcase name="Cookies cy.getCookie() - get a browser cookie" time="0.6370" classname="cy.getCookie() - get a browser cookie">
    </testcase>
    <testcase name="Cookies cy.getCookies() - get browser cookies" time="0.2930" classname="cy.getCookies() - get browser cookies">
    </testcase>
    <testcase name="Cookies cy.setCookie() - set a browser cookie" time="0.1700" classname="cy.setCookie() - set a browser cookie">
    </testcase>
    <testcase name="Cookies cy.clearCookie() - clear a browser cookie" time="0.2800" classname="cy.clearCookie() - clear a browser cookie">
    </testcase>
    <testcase name="Cookies cy.clearCookies() - clear browser cookies" time="0.3030" classname="cy.clearCookies() - clear browser cookies">
    </testcase>
  </testsuite>
</testsuites>